<?xml version="1.0" encoding="UTF-8"?>
<!-- Generated by org.testng.reporters.JUnitReportReporter -->
<testsuite hostname="CAV-PC" name="github.GithubUsers" tests="2" failures="0" timestamp="23 Aug 2016 23:06:57 GMT" time="0.264" errors="0">
  <testcase name="testStatusCode" time="0.006" classname="github.GithubUsers"/>
  <testcase name="testEntity" time="0.258" classname="github.GithubUsers"/>
</testsuite> <!-- github.GithubUsers -->
